action: unit, msg: getenv
cwd: /Users/dillanteagle/workspace/rb_aws
cmd: /Users/dillanteagle/workspace/rb_aws/.tox/unit/bin/python -m pip install pytest boto3 robotframework requests botocore moto
Collecting pytest
  Using cached https://files.pythonhosted.org/packages/69/1d/2430053122a3c6106f7fd1ff0bc68eb73e27db8f951db70fcd942da52c7b/pytest-5.0.1-py3-none-any.whl
Collecting boto3
  Using cached https://files.pythonhosted.org/packages/72/1a/97ca7494fd268835f2d2ea2c6b6ea3b7cfe271f22c2adb1ef45cf007d7f3/boto3-1.9.199-py2.py3-none-any.whl
Collecting robotframework
  Using cached https://files.pythonhosted.org/packages/22/0f/1b9ffa0c4e59789b50e6034866e823b7d4a5c7eaedad7bfd0bba42f2aa9d/robotframework-3.1.2-py2.py3-none-any.whl
Collecting requests
  Using cached https://files.pythonhosted.org/packages/51/bd/23c926cd341ea6b7dd0b2a00aba99ae0f828be89d72b2190f27c11d4b7fb/requests-2.22.0-py2.py3-none-any.whl
Collecting botocore
  Using cached https://files.pythonhosted.org/packages/50/f8/dbe656ee191c2d8b471a86fa07f0d37515611d865deaa034fc2b71dd71e4/botocore-1.12.199-py2.py3-none-any.whl
Collecting moto
Collecting importlib-metadata>=0.12 (from pytest)
  Using cached https://files.pythonhosted.org/packages/ad/aa/25fcbded2ab4ed4ff3071d1e000cd4f8f9c65653d2d7157dd105a8e81d42/importlib_metadata-0.19-py2.py3-none-any.whl
Collecting packaging (from pytest)
  Using cached https://files.pythonhosted.org/packages/ec/22/630ac83e8f8a9566c4f88038447ed9e16e6f10582767a01f31c769d9a71e/packaging-19.1-py2.py3-none-any.whl
Collecting pluggy<1.0,>=0.12 (from pytest)
  Using cached https://files.pythonhosted.org/packages/06/ee/de89e0582276e3551df3110088bf20844de2b0e7df2748406876cc78e021/pluggy-0.12.0-py2.py3-none-any.whl
Collecting wcwidth (from pytest)
  Using cached https://files.pythonhosted.org/packages/7e/9f/526a6947247599b084ee5232e4f9190a38f398d7300d866af3ab571a5bfe/wcwidth-0.1.7-py2.py3-none-any.whl
Collecting attrs>=17.4.0 (from pytest)
  Using cached https://files.pythonhosted.org/packages/23/96/d828354fa2dbdf216eaa7b7de0db692f12c234f7ef888cc14980ef40d1d2/attrs-19.1.0-py2.py3-none-any.whl
Collecting atomicwrites>=1.0 (from pytest)
  Using cached https://files.pythonhosted.org/packages/52/90/6155aa926f43f2b2a22b01be7241be3bfd1ceaf7d0b3267213e8127d41f4/atomicwrites-1.3.0-py2.py3-none-any.whl
Collecting py>=1.5.0 (from pytest)
  Using cached https://files.pythonhosted.org/packages/76/bc/394ad449851729244a97857ee14d7cba61ddb268dce3db538ba2f2ba1f0f/py-1.8.0-py2.py3-none-any.whl
Collecting more-itertools>=4.0.0 (from pytest)
  Using cached https://files.pythonhosted.org/packages/45/dc/3241eef99eb45f1def35cf93af35d1cf9ef4c0991792583b8f33ea41b092/more_itertools-7.2.0-py3-none-any.whl
Collecting jmespath<1.0.0,>=0.7.1 (from boto3)
  Using cached https://files.pythonhosted.org/packages/83/94/7179c3832a6d45b266ddb2aac329e101367fbdb11f425f13771d27f225bb/jmespath-0.9.4-py2.py3-none-any.whl
Collecting s3transfer<0.3.0,>=0.2.0 (from boto3)
  Using cached https://files.pythonhosted.org/packages/16/8a/1fc3dba0c4923c2a76e1ff0d52b305c44606da63f718d14d3231e21c51b0/s3transfer-0.2.1-py2.py3-none-any.whl
Collecting certifi>=2017.4.17 (from requests)
  Using cached https://files.pythonhosted.org/packages/69/1b/b853c7a9d4f6a6d00749e94eb6f3a041e342a885b87340b79c1ef73e3a78/certifi-2019.6.16-py2.py3-none-any.whl
Collecting idna<2.9,>=2.5 (from requests)
  Using cached https://files.pythonhosted.org/packages/14/2c/cd551d81dbe15200be1cf41cd03869a46fe7226e7450af7a6545bfc474c9/idna-2.8-py2.py3-none-any.whl
Collecting urllib3!=1.25.0,!=1.25.1,<1.26,>=1.21.1 (from requests)
  Using cached https://files.pythonhosted.org/packages/e6/60/247f23a7121ae632d62811ba7f273d0e58972d75e58a94d329d51550a47d/urllib3-1.25.3-py2.py3-none-any.whl
Collecting chardet<3.1.0,>=3.0.2 (from requests)
  Using cached https://files.pythonhosted.org/packages/bc/a9/01ffebfb562e4274b6487b4bb1ddec7ca55ec7510b22e4c51f14098443b8/chardet-3.0.4-py2.py3-none-any.whl
Collecting docutils<0.15,>=0.10 (from botocore)
  Using cached https://files.pythonhosted.org/packages/36/fa/08e9e6e0e3cbd1d362c3bbee8d01d0aedb2155c4ac112b19ef3cae8eed8d/docutils-0.14-py3-none-any.whl
Collecting python-dateutil<3.0.0,>=2.1; python_version >= "2.7" (from botocore)
  Using cached https://files.pythonhosted.org/packages/41/17/c62faccbfbd163c7f57f3844689e3a78bae1f403648a6afb1d0866d87fbb/python_dateutil-2.8.0-py2.py3-none-any.whl
Collecting Jinja2>=2.10.1 (from moto)
  Using cached https://files.pythonhosted.org/packages/1d/e7/fd8b501e7a6dfe492a433deb7b9d833d39ca74916fa8bc63dd1a4947a671/Jinja2-2.10.1-py2.py3-none-any.whl
Collecting boto>=2.36.0 (from moto)
  Using cached https://files.pythonhosted.org/packages/23/10/c0b78c27298029e4454a472a1919bde20cb182dab1662cec7f2ca1dcc523/boto-2.49.0-py2.py3-none-any.whl
Collecting pytz (from moto)
  Downloading https://files.pythonhosted.org/packages/87/76/46d697698a143e05f77bec5a526bf4e56a0be61d63425b68f4ba553b51f2/pytz-2019.2-py2.py3-none-any.whl (508kB)
Collecting werkzeug (from moto)
  Using cached https://files.pythonhosted.org/packages/d1/ab/d3bed6b92042622d24decc7aadc8877badf18aeca1571045840ad4956d3f/Werkzeug-0.15.5-py2.py3-none-any.whl
Collecting aws-xray-sdk!=0.96,>=0.93 (from moto)
  Using cached https://files.pythonhosted.org/packages/58/f2/79f7918f4ddeec525742ddd4607abe4a82a29a6bc4c7e297995f59a18965/aws_xray_sdk-2.4.2-py2.py3-none-any.whl
Collecting python-jose<4.0.0 (from moto)
  Using cached https://files.pythonhosted.org/packages/96/da/c0dcc5e7a98a53440b8db3cf9771345fa696754f79e8734ea59123f7d734/python_jose-3.0.1-py2.py3-none-any.whl
Collecting xmltodict (from moto)
  Using cached https://files.pythonhosted.org/packages/28/fd/30d5c1d3ac29ce229f6bdc40bbc20b28f716e8b363140c26eff19122d8a5/xmltodict-0.12.0-py2.py3-none-any.whl
Collecting jsondiff==1.1.2 (from moto)
Collecting six>1.9 (from moto)
  Using cached https://files.pythonhosted.org/packages/73/fb/00a976f728d0d1fecfe898238ce23f502a721c0ac0ecfedb80e0d88c64e9/six-1.12.0-py2.py3-none-any.whl
Collecting cryptography>=2.3.0 (from moto)
  Using cached https://files.pythonhosted.org/packages/63/4e/57b7a6bd98906872fcd2531e74b532de2abe17d675a5cf171931fcb4a9e8/cryptography-2.7-cp34-abi3-macosx_10_6_intel.whl
Collecting docker>=2.5.1 (from moto)
  Using cached https://files.pythonhosted.org/packages/95/47/5560c9cf0c92b50da24216f0e7733250fbed5a497f69e3c70e1be62143fe/docker-4.0.2-py2.py3-none-any.whl
Collecting responses>=0.9.0 (from moto)
  Using cached https://files.pythonhosted.org/packages/d1/5a/b887e89925f1de7890ef298a74438371ed4ed29b33def9e6d02dc6036fd8/responses-0.10.6-py2.py3-none-any.whl
Collecting datetime (from moto)
  Using cached https://files.pythonhosted.org/packages/73/22/a5297f3a1f92468cc737f8ce7ba6e5f245fcfafeae810ba37bd1039ea01c/DateTime-4.3-py2.py3-none-any.whl
Collecting cfn-lint (from moto)
  Downloading https://files.pythonhosted.org/packages/42/bc/5693c54c7c184ea5dbcdd9f05b86be582e9caf9d7acd53943e02c0f11d49/cfn_lint-0.23.1-py3-none-any.whl (2.7MB)
Collecting PyYAML>=5.1 (from moto)
  Downloading https://files.pythonhosted.org/packages/e3/e8/b3212641ee2718d556df0f23f78de8303f068fe29cdaa7a91018849582fe/PyYAML-5.1.2.tar.gz (265kB)
Collecting sshpubkeys<4.0,>=3.1.0 (from moto)
  Using cached https://files.pythonhosted.org/packages/08/96/b5308537f88df326939006a8331a2edc528f25d920c49dbd9fc2c53c4e68/sshpubkeys-3.1.0-py2.py3-none-any.whl
Collecting mock (from moto)
  Using cached https://files.pythonhosted.org/packages/05/d2/f94e68be6b17f46d2c353564da56e6fb89ef09faeeff3313a046cb810ca9/mock-3.0.5-py2.py3-none-any.whl
Collecting zipp>=0.5 (from importlib-metadata>=0.12->pytest)
  Using cached https://files.pythonhosted.org/packages/da/bd/1a5fdf15aa44231fd09f63ecf175b60f057ae37ec65b343bb009364923f3/zipp-0.5.2-py2.py3-none-any.whl
Collecting pyparsing>=2.0.2 (from packaging->pytest)
  Using cached https://files.pythonhosted.org/packages/11/fa/0160cd525c62d7abd076a070ff02b2b94de589f1a9789774f17d7c54058e/pyparsing-2.4.2-py2.py3-none-any.whl
Collecting MarkupSafe>=0.23 (from Jinja2>=2.10.1->moto)
  Using cached https://files.pythonhosted.org/packages/ce/c6/f000f1af136ef74e4a95e33785921c73595c5390403f102e9b231b065b7a/MarkupSafe-1.1.1-cp37-cp37m-macosx_10_6_intel.whl
Collecting future (from aws-xray-sdk!=0.96,>=0.93->moto)
Collecting jsonpickle (from aws-xray-sdk!=0.96,>=0.93->moto)
  Using cached https://files.pythonhosted.org/packages/07/07/c157520a3ebd166c8c24c6ae0ecae7c3968eb4653ff0e5af369bb82f004d/jsonpickle-1.2-py2.py3-none-any.whl
Collecting wrapt (from aws-xray-sdk!=0.96,>=0.93->moto)
Collecting rsa (from python-jose<4.0.0->moto)
  Using cached https://files.pythonhosted.org/packages/02/e5/38518af393f7c214357079ce67a317307936896e961e35450b70fad2a9cf/rsa-4.0-py2.py3-none-any.whl
Collecting ecdsa<1.0 (from python-jose<4.0.0->moto)
  Using cached https://files.pythonhosted.org/packages/23/a8/8aa68e70959e1287da9154e5164bb8bd5dd7025e41ae54e8d177b8d165c9/ecdsa-0.13.2-py2.py3-none-any.whl
Collecting cffi!=1.11.3,>=1.8 (from cryptography>=2.3.0->moto)
  Using cached https://files.pythonhosted.org/packages/f0/48/5aa4ea664eba26dd5142558d04762f5065c02220b4665b3f7eecb9bb614e/cffi-1.12.3-cp37-cp37m-macosx_10_9_x86_64.whl
Collecting asn1crypto>=0.21.0 (from cryptography>=2.3.0->moto)
  Using cached https://files.pythonhosted.org/packages/ea/cd/35485615f45f30a510576f1a56d1e0a7ad7bd8ab5ed7cdc600ef7cd06222/asn1crypto-0.24.0-py2.py3-none-any.whl
Collecting websocket-client>=0.32.0 (from docker>=2.5.1->moto)
  Using cached https://files.pythonhosted.org/packages/29/19/44753eab1fdb50770ac69605527e8859468f3c0fd7dc5a76dd9c4dbd7906/websocket_client-0.56.0-py2.py3-none-any.whl
Collecting zope.interface (from datetime->moto)
  Using cached https://files.pythonhosted.org/packages/d9/3a/101934e0f2026f0a58698978bfedec6e2021b28b846d9e1d9b54369e044d/zope.interface-4.6.0-cp37-cp37m-macosx_10_14_x86_64.whl
Collecting jsonschema~=3.0 (from cfn-lint->moto)
  Using cached https://files.pythonhosted.org/packages/54/48/f5f11003ceddcd4ad292d4d9b5677588e9169eef41f88e38b2888e7ec6c4/jsonschema-3.0.2-py2.py3-none-any.whl
Collecting aws-sam-translator>=1.13.0 (from cfn-lint->moto)
Collecting jsonpatch (from cfn-lint->moto)
  Using cached https://files.pythonhosted.org/packages/86/7e/035d19a73306278673039f0805b863be8798057cc1b4008b9c8c7d1d32a3/jsonpatch-1.24-py2.py3-none-any.whl
Requirement already satisfied: setuptools in ./.tox/unit/lib/python3.7/site-packages (from cfn-lint->moto) (41.0.1)
Collecting pyasn1>=0.1.3 (from rsa->python-jose<4.0.0->moto)
  Using cached https://files.pythonhosted.org/packages/6a/6e/209351ec34b7d7807342e2bb6ff8a96eef1fd5dcac13bdbadf065c2bb55c/pyasn1-0.4.6-py2.py3-none-any.whl
Collecting pycparser (from cffi!=1.11.3,>=1.8->cryptography>=2.3.0->moto)
Collecting pyrsistent>=0.14.0 (from jsonschema~=3.0->cfn-lint->moto)
Collecting jsonpointer>=1.9 (from jsonpatch->cfn-lint->moto)
  Using cached https://files.pythonhosted.org/packages/18/b0/a80d29577c08eea401659254dfaed87f1af45272899e1812d7e01b679bc5/jsonpointer-2.0-py2.py3-none-any.whl
Building wheels for collected packages: PyYAML
  Building wheel for PyYAML (setup.py): started
  Building wheel for PyYAML (setup.py): finished with status 'done'
  Created wheel for PyYAML: filename=PyYAML-5.1.2-cp37-cp37m-macosx_10_9_x86_64.whl size=44107 sha256=ea9ecbb4cab1b013bad91c67eb5b3b1ff645180fb68ab8156c8d8fed497bab72
  Stored in directory: /Users/dillanteagle/Library/Caches/pip/wheels/d9/45/dd/65f0b38450c47cf7e5312883deb97d065e030c5cca0a365030
Successfully built PyYAML
Installing collected packages: zipp, importlib-metadata, six, pyparsing, attrs, packaging, pluggy, wcwidth, atomicwrites, py, more-itertools, pytest, jmespath, urllib3, docutils, python-dateutil, botocore, s3transfer, boto3, robotframework, certifi, idna, chardet, requests, MarkupSafe, Jinja2, boto, pytz, werkzeug, future, jsonpickle, wrapt, aws-xray-sdk, pyasn1, rsa, ecdsa, python-jose, xmltodict, jsondiff, pycparser, cffi, asn1crypto, cryptography, websocket-client, docker, responses, zope.interface, datetime, PyYAML, pyrsistent, jsonschema, aws-sam-translator, jsonpointer, jsonpatch, cfn-lint, sshpubkeys, mock, moto
Successfully installed Jinja2-2.10.1 MarkupSafe-1.1.1 PyYAML-5.1.2 asn1crypto-0.24.0 atomicwrites-1.3.0 attrs-19.1.0 aws-sam-translator-1.13.0 aws-xray-sdk-2.4.2 boto-2.49.0 boto3-1.9.199 botocore-1.12.199 certifi-2019.6.16 cffi-1.12.3 cfn-lint-0.23.1 chardet-3.0.4 cryptography-2.7 datetime-4.3 docker-4.0.2 docutils-0.14 ecdsa-0.13.2 future-0.17.1 idna-2.8 importlib-metadata-0.19 jmespath-0.9.4 jsondiff-1.1.2 jsonpatch-1.24 jsonpickle-1.2 jsonpointer-2.0 jsonschema-3.0.2 mock-3.0.5 more-itertools-7.2.0 moto-1.3.13 packaging-19.1 pluggy-0.12.0 py-1.8.0 pyasn1-0.4.6 pycparser-2.19 pyparsing-2.4.2 pyrsistent-0.15.4 pytest-5.0.1 python-dateutil-2.8.0 python-jose-3.0.1 pytz-2019.2 requests-2.22.0 responses-0.10.6 robotframework-3.1.2 rsa-4.0 s3transfer-0.2.1 six-1.12.0 sshpubkeys-3.1.0 urllib3-1.25.3 wcwidth-0.1.7 websocket-client-0.56.0 werkzeug-0.15.5 wrapt-1.11.2 xmltodict-0.12.0 zipp-0.5.2 zope.interface-4.6.0
